<?xml version="1.0" encoding="UTF-8"?>
<testsuites name="FirstLogin" time="44.425" tests="1" failures="0" errors="0">
   <testsuite name="FirstLogin" tests="1" failures="0" errors="0" time="44.425" skipped="0" timestamp="2022-07-26 19:22:32" hostname="tharu - tharun-testing-pc" id="Test Suites/Test/FirstLogin">
      <properties>
         <property name="deviceName" value=""/>
         <property name="devicePlatform" value=""/>
         <property name="logFolder" value="D:\\Automation Projects\\Katalon Studio\\Emmerich\\Reports\\20220726_192217\\Test\\FirstLogin\\20220726_192220"/>
         <property name="logFiles" value="D:\\Automation Projects\\Katalon Studio\\Emmerich\\Reports\\20220726_192217\\Test\\FirstLogin\\20220726_192220\\execution0.log"/>
         <property name="attachments" value=""/>
         <property name="hostName" value="tharu - tharun-testing-pc"/>
         <property name="os" value="Windows 10 64bit"/>
         <property name="katalonVersion" value="8.4.0.208"/>
         <property name="browser" value="Chrome 103.0.5060.134"/>
         <property name="hostAddress" value="192.168.14.30"/>
         <property name="sessionId" value="1caeaf999cac007cf4fafd42d6f66712"/>
         <property name="seleniumVersion" value="3.141.59"/>
         <property name="proxyInformation" value="ProxyInformation { proxyOption=NO_PROXY, proxyServerType=HTTP, username=, password=********, proxyServerAddress=, proxyServerPort=0, executionList=&quot;&quot;, isApplyToDesiredCapabilities=true }"/>
         <property name="platform" value="Windows 10"/>
      </properties>
      <testcase name="Test Cases/Post/01Submit new post" time="44.072" classname="Test Cases/Post/01Submit new post" status="PASSED">
         <system-out><![CDATA[2022-07-26 19:22:32 - [TEST_CASE][PASSED] - Test Cases/Post/01Submit new post: Test Cases/Post/01Submit new post

2022-07-26 19:22:32 - [TEST_STEP][PASSED] - callTestCase(findTestCase("01Login/Login"), [:], STOP_ON_FAILURE): Call Test Case 'Test Cases/01Login/Login' successfully

2022-07-26 19:22:33 - [TEST_CASE][PASSED] - Test Cases/01Login/Login: Test Cases/01Login/Login

2022-07-26 19:22:33 - [TEST_STEP][PASSED] - openBrowser(""): Browser is opened with url: ''

2022-07-26 19:22:33 - [MESSAGE][INFO] - Starting 'Chrome' driver

2022-07-26 19:22:33 - [MESSAGE][INFO] - Action delay is set to 0 milliseconds

2022-07-26 19:22:36 - [MESSAGE][PASSED] - Browser is opened with url: ''

2022-07-26 19:22:36 - [TEST_STEP][PASSED] - navigateToUrl("http://3.21.160.104/"): Navigate to 'http://3.21.160.104/' successfully

2022-07-26 19:22:47 - [MESSAGE][PASSED] - Navigate to 'http://3.21.160.104/' successfully

2022-07-26 19:22:47 - [TEST_STEP][PASSED] - maximizeWindow(): Current window maximized

2022-07-26 19:22:47 - [MESSAGE][PASSED] - Current window maximized

2022-07-26 19:22:47 - [TEST_STEP][PASSED] - click(findTestObject("Object Repository/Login/Page_Home  The Northside Sun/a_Log in")): Object: 'Object Repository/Login/Page_Home  The Northside Sun/a_Log in' is clicked on

2022-07-26 19:22:52 - [MESSAGE][PASSED] - Object: 'Object Repository/Login/Page_Home  The Northside Sun/a_Log in' is clicked on

2022-07-26 19:22:52 - [TEST_STEP][PASSED] - setText(findTestObject("Object Repository/Login/Page_Log in  The Northside Sun/input_Username or Email Address_name"), "rajapriya.m@innoppl.com"): Text 'rajapriya.m@innoppl.com' is set on object 'Object Repository/Login/Page_Log in  The Northside Sun/input_Username or Email Address_name'

2022-07-26 19:22:53 - [MESSAGE][PASSED] - Text 'rajapriya.m@innoppl.com' is set on object 'Object Repository/Login/Page_Log in  The Northside Sun/input_Username or Email Address_name'

2022-07-26 19:22:53 - [TEST_STEP][PASSED] - setEncryptedText(findTestObject("Object Repository/Login/Page_Log in  The Northside Sun/input_Password_pass"), "cvW8qx4B2o3F4VwP/kNsqA=="): Text ****** has been set on object 'Object Repository/Login/Page_Log in  The Northside Sun/input_Password_pass'

2022-07-26 19:22:53 - [MESSAGE][PASSED] - Text ****** has been set on object 'Object Repository/Login/Page_Log in  The Northside Sun/input_Password_pass'

2022-07-26 19:22:53 - [TEST_STEP][PASSED] - click(findTestObject("Object Repository/Login/Page_Log in  The Northside Sun/button_Log in")): Object: 'Object Repository/Login/Page_Log in  The Northside Sun/button_Log in' is clicked on

2022-07-26 19:23:03 - [MESSAGE][PASSED] - Object: 'Object Repository/Login/Page_Log in  The Northside Sun/button_Log in' is clicked on

2022-07-26 19:23:03 - [TEST_STEP][PASSED] - verifyElementText(findTestObject("Object Repository/Login/Page_Home  The Northside Sun/a_My account"), "My account"): Actual text and expected text of test object 'Object Repository/Login/Page_Home  The Northside Sun/a_My account' are matched.

2022-07-26 19:23:04 - [MESSAGE][PASSED] - Actual text and expected text of test object 'Object Repository/Login/Page_Home  The Northside Sun/a_My account' are matched.

2022-07-26 19:23:04 - [MESSAGE][PASSED] - Call Test Case 'Test Cases/01Login/Login' successfully

2022-07-26 19:23:04 - [TEST_STEP][PASSED] - mouseOver(findTestObject("Object Repository/Post/Page_Home  The Northside Sun/a_Post")): Object: 'Object Repository/Post/Page_Home  The Northside Sun/a_Post' is hovered

2022-07-26 19:23:04 - [MESSAGE][PASSED] - Object: 'Object Repository/Post/Page_Home  The Northside Sun/a_Post' is hovered

2022-07-26 19:23:04 - [TEST_STEP][PASSED] - mouseOver(findTestObject("Object Repository/Post/Page_testUAT/a_Submit a new post")): Object: 'Object Repository/Post/Page_testUAT/a_Submit a new post' is hovered

2022-07-26 19:23:05 - [MESSAGE][PASSED] - Object: 'Object Repository/Post/Page_testUAT/a_Submit a new post' is hovered

2022-07-26 19:23:05 - [TEST_STEP][PASSED] - click(findTestObject("Object Repository/Post/Page_testUAT/a_Friends")): Object: 'Object Repository/Post/Page_testUAT/a_Friends' is clicked on

2022-07-26 19:23:15 - [MESSAGE][PASSED] - Object: 'Object Repository/Post/Page_testUAT/a_Friends' is clicked on

2022-07-26 19:23:15 - [TEST_STEP][PASSED] - closeBrowser(): Browser is closed

2022-07-26 19:23:16 - [MESSAGE][PASSED] - Browser is closed]]></system-out>
         <system-err><![CDATA[]]></system-err>
      </testcase>
      <system-out><![CDATA[2022-07-26 19:22:32 - [TEST_SUITE][PASSED] - FirstLogin: Test Cases/Post/01Submit new post]]></system-out>
      <system-err><![CDATA[]]></system-err>
   </testsuite>
</testsuites>
